{
  message: 'Redis connected on undefined',
  level: 'info',
  timestamp: '2025-11-12T14:04:23.175Z'
}
{
  code: 'ECONNREFUSED',
  level: 'error',
  message: 'Redis error occured',
  stack: 'AggregateError [ECONNREFUSED]: \n' +
    '    at internalConnectMultiple (node:net:1139:18)\n' +
    '    at afterConnectMultiple (node:net:1714:7)',
  timestamp: '2025-11-12T14:04:23.339Z'
}
{
  code: 'ECONNREFUSED',
  level: 'error',
  message: 'Redis error occured',
  stack: 'AggregateError [ECONNREFUSED]: \n' +
    '    at internalConnectMultiple (node:net:1139:18)\n' +
    '    at afterConnectMultiple (node:net:1714:7)',
  timestamp: '2025-11-12T14:04:23.530Z'
}
{
  code: 'ECONNREFUSED',
  level: 'error',
  message: 'Redis error occured',
  stack: 'AggregateError [ECONNREFUSED]: \n' +
    '    at internalConnectMultiple (node:net:1139:18)\n' +
    '    at afterConnectMultiple (node:net:1714:7)',
  timestamp: '2025-11-12T14:04:23.658Z'
}
{
  code: 'ECONNREFUSED',
  level: 'error',
  message: 'Redis error occured',
  stack: 'AggregateError [ECONNREFUSED]: \n' +
    '    at internalConnectMultiple (node:net:1139:18)\n' +
    '    at afterConnectMultiple (node:net:1714:7)',
  timestamp: '2025-11-12T14:04:23.914Z'
}
{
  code: 'ECONNREFUSED',
  level: 'error',
  message: 'Redis error occured',
  stack: 'AggregateError [ECONNREFUSED]: \n' +
    '    at internalConnectMultiple (node:net:1139:18)\n' +
    '    at afterConnectMultiple (node:net:1714:7)',
  timestamp: '2025-11-12T14:04:24.468Z'
}
{
  code: 'ECONNREFUSED',
  level: 'error',
  message: 'Redis error occured',
  stack: 'AggregateError [ECONNREFUSED]: \n' +
    '    at internalConnectMultiple (node:net:1139:18)\n' +
    '    at afterConnectMultiple (node:net:1714:7)',
  timestamp: '2025-11-12T14:04:25.369Z'
}
{
  code: 'ECONNREFUSED',
  level: 'error',
  message: 'Redis error occured',
  stack: 'AggregateError [ECONNREFUSED]: \n' +
    '    at internalConnectMultiple (node:net:1139:18)\n' +
    '    at afterConnectMultiple (node:net:1714:7)',
  timestamp: '2025-11-12T14:04:27.046Z'
}
{
  code: 'ECONNREFUSED',
  level: 'error',
  message: 'Redis error occured',
  stack: 'AggregateError [ECONNREFUSED]: \n' +
    '    at internalConnectMultiple (node:net:1139:18)\n' +
    '    at afterConnectMultiple (node:net:1714:7)',
  timestamp: '2025-11-12T14:04:29.078Z'
}
{
  code: 'ECONNREFUSED',
  level: 'error',
  message: 'Redis error occured',
  stack: 'AggregateError [ECONNREFUSED]: \n' +
    '    at internalConnectMultiple (node:net:1139:18)\n' +
    '    at afterConnectMultiple (node:net:1714:7)',
  timestamp: '2025-11-12T14:04:31.270Z'
}
{
  code: 'ECONNREFUSED',
  level: 'error',
  message: 'Redis error occured',
  stack: 'AggregateError [ECONNREFUSED]: \n' +
    '    at internalConnectMultiple (node:net:1139:18)\n' +
    '    at afterConnectMultiple (node:net:1714:7)',
  timestamp: '2025-11-12T14:04:33.406Z'
}
{
  code: 'ECONNREFUSED',
  level: 'error',
  message: 'Redis error occured',
  stack: 'AggregateError [ECONNREFUSED]: \n' +
    '    at internalConnectMultiple (node:net:1139:18)\n' +
    '    at afterConnectMultiple (node:net:1714:7)',
  timestamp: '2025-11-12T14:04:35.593Z'
}
{
  code: 'ECONNREFUSED',
  level: 'error',
  message: 'Redis error occured',
  stack: 'AggregateError [ECONNREFUSED]: \n' +
    '    at internalConnectMultiple (node:net:1139:18)\n' +
    '    at afterConnectMultiple (node:net:1714:7)',
  timestamp: '2025-11-12T14:04:37.661Z'
}
{
  code: 'ECONNREFUSED',
  level: 'error',
  message: 'Redis error occured',
  stack: 'AggregateError [ECONNREFUSED]: \n' +
    '    at internalConnectMultiple (node:net:1139:18)\n' +
    '    at afterConnectMultiple (node:net:1714:7)',
  timestamp: '2025-11-12T14:04:39.692Z'
}
{
  code: 'ECONNREFUSED',
  level: 'error',
  message: 'Redis error occured',
  stack: 'AggregateError [ECONNREFUSED]: \n' +
    '    at internalConnectMultiple (node:net:1139:18)\n' +
    '    at afterConnectMultiple (node:net:1714:7)',
  timestamp: '2025-11-12T14:04:41.266Z'
}
{
  code: 'ECONNREFUSED',
  level: 'error',
  message: 'Redis error occured',
  stack: 'AggregateError [ECONNREFUSED]: \n' +
    '    at internalConnectMultiple (node:net:1139:18)\n' +
    '    at afterConnectMultiple (node:net:1714:7)',
  timestamp: '2025-11-12T14:04:41.414Z'
}
{
  code: 'ECONNREFUSED',
  level: 'error',
  message: 'Redis error occured',
  stack: 'AggregateError [ECONNREFUSED]: \n' +
    '    at internalConnectMultiple (node:net:1139:18)\n' +
    '    at afterConnectMultiple (node:net:1714:7)',
  timestamp: '2025-11-12T14:04:41.543Z'
}
{
  code: 'ECONNREFUSED',
  level: 'error',
  message: 'Redis error occured',
  stack: 'AggregateError [ECONNREFUSED]: \n' +
    '    at internalConnectMultiple (node:net:1139:18)\n' +
    '    at afterConnectMultiple (node:net:1714:7)',
  timestamp: '2025-11-12T14:04:41.778Z'
}
{
  code: 'ECONNREFUSED',
  level: 'error',
  message: 'Redis error occured',
  stack: 'AggregateError [ECONNREFUSED]: \n' +
    '    at internalConnectMultiple (node:net:1139:18)\n' +
    '    at afterConnectMultiple (node:net:1714:7)',
  timestamp: '2025-11-12T14:04:42.347Z'
}
{
  code: 'ECONNREFUSED',
  level: 'error',
  message: 'Redis error occured',
  stack: 'AggregateError [ECONNREFUSED]: \n' +
    '    at internalConnectMultiple (node:net:1139:18)\n' +
    '    at afterConnectMultiple (node:net:1714:7)',
  timestamp: '2025-11-12T14:04:43.192Z'
}
{
  code: 'ECONNREFUSED',
  level: 'error',
  message: 'Redis error occured',
  stack: 'AggregateError [ECONNREFUSED]: \n' +
    '    at internalConnectMultiple (node:net:1139:18)\n' +
    '    at afterConnectMultiple (node:net:1714:7)',
  timestamp: '2025-11-12T14:04:44.876Z'
}
{
  code: 'ECONNREFUSED',
  level: 'error',
  message: 'Redis error occured',
  stack: 'AggregateError [ECONNREFUSED]: \n' +
    '    at internalConnectMultiple (node:net:1139:18)\n' +
    '    at afterConnectMultiple (node:net:1714:7)',
  timestamp: '2025-11-12T14:04:47.079Z'
}
{
  code: 'ECONNREFUSED',
  level: 'error',
  message: 'Redis error occured',
  stack: 'AggregateError [ECONNREFUSED]: \n' +
    '    at internalConnectMultiple (node:net:1139:18)\n' +
    '    at afterConnectMultiple (node:net:1714:7)',
  timestamp: '2025-11-12T14:04:49.164Z'
}
{
  code: 'ECONNREFUSED',
  level: 'error',
  message: 'Redis error occured',
  stack: 'AggregateError [ECONNREFUSED]: \n' +
    '    at internalConnectMultiple (node:net:1139:18)\n' +
    '    at afterConnectMultiple (node:net:1714:7)',
  timestamp: '2025-11-12T14:04:51.244Z'
}
{
  code: 'ECONNREFUSED',
  level: 'error',
  message: 'Redis error occured',
  stack: 'AggregateError [ECONNREFUSED]: \n' +
    '    at internalConnectMultiple (node:net:1139:18)\n' +
    '    at afterConnectMultiple (node:net:1714:7)',
  timestamp: '2025-11-12T14:04:53.287Z'
}
{
  code: 'ECONNREFUSED',
  level: 'error',
  message: 'Redis error occured',
  stack: 'AggregateError [ECONNREFUSED]: \n' +
    '    at internalConnectMultiple (node:net:1139:18)\n' +
    '    at afterConnectMultiple (node:net:1714:7)',
  timestamp: '2025-11-12T14:04:55.308Z'
}
{
  code: 'ECONNREFUSED',
  level: 'error',
  message: 'Redis error occured',
  stack: 'AggregateError [ECONNREFUSED]: \n' +
    '    at internalConnectMultiple (node:net:1139:18)\n' +
    '    at afterConnectMultiple (node:net:1714:7)',
  timestamp: '2025-11-12T14:04:57.318Z'
}
{
  code: 'ECONNREFUSED',
  level: 'error',
  message: 'Redis error occured',
  stack: 'AggregateError [ECONNREFUSED]: \n' +
    '    at internalConnectMultiple (node:net:1139:18)\n' +
    '    at afterConnectMultiple (node:net:1714:7)',
  timestamp: '2025-11-12T14:04:59.350Z'
}
{
  code: 'ECONNREFUSED',
  level: 'error',
  message: 'Redis error occured',
  stack: 'AggregateError [ECONNREFUSED]: \n' +
    '    at internalConnectMultiple (node:net:1139:18)\n' +
    '    at afterConnectMultiple (node:net:1714:7)',
  timestamp: '2025-11-12T14:05:01.396Z'
}
{
  code: 'ECONNREFUSED',
  level: 'error',
  message: 'Redis error occured',
  stack: 'AggregateError [ECONNREFUSED]: \n' +
    '    at internalConnectMultiple (node:net:1139:18)\n' +
    '    at afterConnectMultiple (node:net:1714:7)',
  timestamp: '2025-11-12T14:05:03.520Z'
}
{
  message: 'Redis connected on undefined',
  level: 'info',
  timestamp: '2025-11-12T14:10:08.842Z'
}
{
  message: 'Redis connected on undefined',
  level: 'info',
  timestamp: '2025-11-12T14:10:36.551Z'
}
{
  message: 'Redis connected on undefined',
  level: 'info',
  timestamp: '2025-11-12T14:10:56.857Z'
}
{
  message: 'Redis connected on redis://localhost:6379',
  level: 'info',
  timestamp: '2025-11-12T14:11:08.808Z'
}
{
  message: 'Redis connected on redis://localhost:6379',
  level: 'info',
  timestamp: '2025-11-12T14:12:57.163Z'
}
{
  message: 'Listening on port undefined',
  level: 'info',
  timestamp: '2025-11-12T14:12:57.168Z'
}
{
  message: 'Redis connected on redis://localhost:6379',
  level: 'info',
  timestamp: '2025-11-12T14:13:00.120Z'
}
{
  message: 'Listening on port undefined',
  level: 'info',
  timestamp: '2025-11-12T14:13:00.125Z'
}
{
  message: 'Redis connected on redis://localhost:6379',
  level: 'info',
  timestamp: '2025-11-12T14:13:24.252Z'
}
{
  message: 'Listening on port undefined',
  level: 'info',
  timestamp: '2025-11-12T14:13:24.257Z'
}
{
  message: 'Redis connected on redis://localhost:6379',
  level: 'info',
  timestamp: '2025-11-12T14:13:42.884Z'
}
{
  message: 'Listening on port undefined',
  level: 'info',
  timestamp: '2025-11-12T14:13:42.889Z'
}
{
  message: 'Listening on port undefined',
  level: 'info',
  timestamp: '2025-11-12T14:14:18.222Z'
}
{
  message: 'Listening on port undefined',
  level: 'info',
  timestamp: '2025-11-12T14:14:21.075Z'
}
{
  message: 'Listening on port undefined',
  level: 'info',
  timestamp: '2025-11-12T14:14:33.740Z'
}
{
  message: "Could not connect to any servers in your MongoDB Atlas cluster. One common reason is that you're trying to access the database from an IP that isn't whitelisted. Make sure your current IP address is on your Atlas cluster's IP whitelist: https://www.mongodb.com/docs/atlas/security-whitelist/",
  errorLabelSet: Set(0) {},
  reason: TopologyDescription {
    type: 'ReplicaSetNoPrimary',
    servers: Map(3) {
      'ac-ac1neyw-shard-00-01.5848vnz.mongodb.net:27017' => ServerDescription {
        address: 'ac-ac1neyw-shard-00-01.5848vnz.mongodb.net:27017',
        type: 'Unknown',
        hosts: [],
        passives: [],
        arbiters: [],
        tags: {},
        minWireVersion: 0,
        maxWireVersion: 0,
        roundTripTime: -1,
        minRoundTripTime: 0,
        lastUpdateTime: 12890752,
        lastWriteDate: 0,
        error: MongoNetworkError: 80C84FE7C07F0000:error:0A000438:SSL routines:ssl3_read_bytes:tlsv1 alert internal error:../deps/openssl/openssl/ssl/record/rec_layer_s3.c:1605:SSL alert number 80
        
            at TLSSocket.<anonymous> (/home/crypt/Development/projects/web-apps/youtube-clone/backend/node_modules/mongodb/lib/cmap/connect.js:286:44)
            at Object.onceWrapper (node:events:633:26)
            at TLSSocket.emit (node:events:518:28)
            at emitErrorNT (node:internal/streams/destroy:170:8)
            at emitErrorCloseNT (node:internal/streams/destroy:129:3)
            at process.processTicksAndRejections (node:internal/process/task_queues:90:21) {
          errorLabelSet: Set(1) { 'ResetPool' },
          beforeHandshake: false,
          [cause]: [Error: 80C84FE7C07F0000:error:0A000438:SSL routines:ssl3_read_bytes:tlsv1 alert internal error:../deps/openssl/openssl/ssl/record/rec_layer_s3.c:1605:SSL alert number 80
          ] {
            library: 'SSL routines',
            reason: 'tlsv1 alert internal error',
            code: 'ERR_SSL_TLSV1_ALERT_INTERNAL_ERROR'
          }
        },
        topologyVersion: null,
        setName: null,
        setVersion: null,
        electionId: null,
        logicalSessionTimeoutMinutes: null,
        maxMessageSizeBytes: null,
        maxWriteBatchSize: null,
        maxBsonObjectSize: null,
        primary: null,
        me: null,
        '$clusterTime': null,
        iscryptd: false
      },
      'ac-ac1neyw-shard-00-02.5848vnz.mongodb.net:27017' => ServerDescription {
        address: 'ac-ac1neyw-shard-00-02.5848vnz.mongodb.net:27017',
        type: 'Unknown',
        hosts: [],
        passives: [],
        arbiters: [],
        tags: {},
        minWireVersion: 0,
        maxWireVersion: 0,
        roundTripTime: -1,
        minRoundTripTime: 0,
        lastUpdateTime: 12890793,
        lastWriteDate: 0,
        error: MongoNetworkError: 80C84FE7C07F0000:error:0A000438:SSL routines:ssl3_read_bytes:tlsv1 alert internal error:../deps/openssl/openssl/ssl/record/rec_layer_s3.c:1605:SSL alert number 80
        
            at TLSSocket.<anonymous> (/home/crypt/Development/projects/web-apps/youtube-clone/backend/node_modules/mongodb/lib/cmap/connect.js:286:44)
            at Object.onceWrapper (node:events:633:26)
            at TLSSocket.emit (node:events:518:28)
            at emitErrorNT (node:internal/streams/destroy:170:8)
            at emitErrorCloseNT (node:internal/streams/destroy:129:3)
            at process.processTicksAndRejections (node:internal/process/task_queues:90:21) {
          errorLabelSet: Set(1) { 'ResetPool' },
          beforeHandshake: false,
          [cause]: [Error: 80C84FE7C07F0000:error:0A000438:SSL routines:ssl3_read_bytes:tlsv1 alert internal error:../deps/openssl/openssl/ssl/record/rec_layer_s3.c:1605:SSL alert number 80
          ] {
            library: 'SSL routines',
            reason: 'tlsv1 alert internal error',
            code: 'ERR_SSL_TLSV1_ALERT_INTERNAL_ERROR'
          }
        },
        topologyVersion: null,
        setName: null,
        setVersion: null,
        electionId: null,
        logicalSessionTimeoutMinutes: null,
        maxMessageSizeBytes: null,
        maxWriteBatchSize: null,
        maxBsonObjectSize: null,
        primary: null,
        me: null,
        '$clusterTime': null,
        iscryptd: false
      },
      'ac-ac1neyw-shard-00-00.5848vnz.mongodb.net:27017' => ServerDescription {
        address: 'ac-ac1neyw-shard-00-00.5848vnz.mongodb.net:27017',
        type: 'Unknown',
        hosts: [],
        passives: [],
        arbiters: [],
        tags: {},
        minWireVersion: 0,
        maxWireVersion: 0,
        roundTripTime: -1,
        minRoundTripTime: 0,
        lastUpdateTime: 12890738,
        lastWriteDate: 0,
        error: MongoNetworkError: 80C84FE7C07F0000:error:0A000438:SSL routines:ssl3_read_bytes:tlsv1 alert internal error:../deps/openssl/openssl/ssl/record/rec_layer_s3.c:1605:SSL alert number 80
        
            at TLSSocket.<anonymous> (/home/crypt/Development/projects/web-apps/youtube-clone/backend/node_modules/mongodb/lib/cmap/connect.js:286:44)
            at Object.onceWrapper (node:events:633:26)
            at TLSSocket.emit (node:events:518:28)
            at emitErrorNT (node:internal/streams/destroy:170:8)
            at emitErrorCloseNT (node:internal/streams/destroy:129:3)
            at process.processTicksAndRejections (node:internal/process/task_queues:90:21) {
          errorLabelSet: Set(1) { 'ResetPool' },
          beforeHandshake: false,
          [cause]: [Error: 80C84FE7C07F0000:error:0A000438:SSL routines:ssl3_read_bytes:tlsv1 alert internal error:../deps/openssl/openssl/ssl/record/rec_layer_s3.c:1605:SSL alert number 80
          ] {
            library: 'SSL routines',
            reason: 'tlsv1 alert internal error',
            code: 'ERR_SSL_TLSV1_ALERT_INTERNAL_ERROR'
          }
        },
        topologyVersion: null,
        setName: null,
        setVersion: null,
        electionId: null,
        logicalSessionTimeoutMinutes: null,
        maxMessageSizeBytes: null,
        maxWriteBatchSize: null,
        maxBsonObjectSize: null,
        primary: null,
        me: null,
        '$clusterTime': null,
        iscryptd: false
      }
    },
    stale: false,
    compatible: true,
    heartbeatFrequencyMS: 10000,
    localThresholdMS: 15,
    setName: 'atlas-i2lz09-shard-0',
    maxElectionId: null,
    maxSetVersion: null,
    commonWireVersion: 0,
    logicalSessionTimeoutMinutes: null
  },
  code: undefined,
  cause: TopologyDescription {
    type: 'ReplicaSetNoPrimary',
    servers: Map(3) {
      'ac-ac1neyw-shard-00-01.5848vnz.mongodb.net:27017' => ServerDescription {
        address: 'ac-ac1neyw-shard-00-01.5848vnz.mongodb.net:27017',
        type: 'Unknown',
        hosts: [],
        passives: [],
        arbiters: [],
        tags: {},
        minWireVersion: 0,
        maxWireVersion: 0,
        roundTripTime: -1,
        minRoundTripTime: 0,
        lastUpdateTime: 12890752,
        lastWriteDate: 0,
        error: MongoNetworkError: 80C84FE7C07F0000:error:0A000438:SSL routines:ssl3_read_bytes:tlsv1 alert internal error:../deps/openssl/openssl/ssl/record/rec_layer_s3.c:1605:SSL alert number 80
        
            at TLSSocket.<anonymous> (/home/crypt/Development/projects/web-apps/youtube-clone/backend/node_modules/mongodb/lib/cmap/connect.js:286:44)
            at Object.onceWrapper (node:events:633:26)
            at TLSSocket.emit (node:events:518:28)
            at emitErrorNT (node:internal/streams/destroy:170:8)
            at emitErrorCloseNT (node:internal/streams/destroy:129:3)
            at process.processTicksAndRejections (node:internal/process/task_queues:90:21) {
          errorLabelSet: Set(1) { 'ResetPool' },
          beforeHandshake: false,
          [cause]: [Error: 80C84FE7C07F0000:error:0A000438:SSL routines:ssl3_read_bytes:tlsv1 alert internal error:../deps/openssl/openssl/ssl/record/rec_layer_s3.c:1605:SSL alert number 80
          ] {
            library: 'SSL routines',
            reason: 'tlsv1 alert internal error',
            code: 'ERR_SSL_TLSV1_ALERT_INTERNAL_ERROR'
          }
        },
        topologyVersion: null,
        setName: null,
        setVersion: null,
        electionId: null,
        logicalSessionTimeoutMinutes: null,
        maxMessageSizeBytes: null,
        maxWriteBatchSize: null,
        maxBsonObjectSize: null,
        primary: null,
        me: null,
        '$clusterTime': null,
        iscryptd: false
      },
      'ac-ac1neyw-shard-00-02.5848vnz.mongodb.net:27017' => ServerDescription {
        address: 'ac-ac1neyw-shard-00-02.5848vnz.mongodb.net:27017',
        type: 'Unknown',
        hosts: [],
        passives: [],
        arbiters: [],
        tags: {},
        minWireVersion: 0,
        maxWireVersion: 0,
        roundTripTime: -1,
        minRoundTripTime: 0,
        lastUpdateTime: 12890793,
        lastWriteDate: 0,
        error: MongoNetworkError: 80C84FE7C07F0000:error:0A000438:SSL routines:ssl3_read_bytes:tlsv1 alert internal error:../deps/openssl/openssl/ssl/record/rec_layer_s3.c:1605:SSL alert number 80
        
            at TLSSocket.<anonymous> (/home/crypt/Development/projects/web-apps/youtube-clone/backend/node_modules/mongodb/lib/cmap/connect.js:286:44)
            at Object.onceWrapper (node:events:633:26)
            at TLSSocket.emit (node:events:518:28)
            at emitErrorNT (node:internal/streams/destroy:170:8)
            at emitErrorCloseNT (node:internal/streams/destroy:129:3)
            at process.processTicksAndRejections (node:internal/process/task_queues:90:21) {
          errorLabelSet: Set(1) { 'ResetPool' },
          beforeHandshake: false,
          [cause]: [Error: 80C84FE7C07F0000:error:0A000438:SSL routines:ssl3_read_bytes:tlsv1 alert internal error:../deps/openssl/openssl/ssl/record/rec_layer_s3.c:1605:SSL alert number 80
          ] {
            library: 'SSL routines',
            reason: 'tlsv1 alert internal error',
            code: 'ERR_SSL_TLSV1_ALERT_INTERNAL_ERROR'
          }
        },
        topologyVersion: null,
        setName: null,
        setVersion: null,
        electionId: null,
        logicalSessionTimeoutMinutes: null,
        maxMessageSizeBytes: null,
        maxWriteBatchSize: null,
        maxBsonObjectSize: null,
        primary: null,
        me: null,
        '$clusterTime': null,
        iscryptd: false
      },
      'ac-ac1neyw-shard-00-00.5848vnz.mongodb.net:27017' => ServerDescription {
        address: 'ac-ac1neyw-shard-00-00.5848vnz.mongodb.net:27017',
        type: 'Unknown',
        hosts: [],
        passives: [],
        arbiters: [],
        tags: {},
        minWireVersion: 0,
        maxWireVersion: 0,
        roundTripTime: -1,
        minRoundTripTime: 0,
        lastUpdateTime: 12890738,
        lastWriteDate: 0,
        error: MongoNetworkError: 80C84FE7C07F0000:error:0A000438:SSL routines:ssl3_read_bytes:tlsv1 alert internal error:../deps/openssl/openssl/ssl/record/rec_layer_s3.c:1605:SSL alert number 80
        
            at TLSSocket.<anonymous> (/home/crypt/Development/projects/web-apps/youtube-clone/backend/node_modules/mongodb/lib/cmap/connect.js:286:44)
            at Object.onceWrapper (node:events:633:26)
            at TLSSocket.emit (node:events:518:28)
            at emitErrorNT (node:internal/streams/destroy:170:8)
            at emitErrorCloseNT (node:internal/streams/destroy:129:3)
            at process.processTicksAndRejections (node:internal/process/task_queues:90:21) {
          errorLabelSet: Set(1) { 'ResetPool' },
          beforeHandshake: false,
          [cause]: [Error: 80C84FE7C07F0000:error:0A000438:SSL routines:ssl3_read_bytes:tlsv1 alert internal error:../deps/openssl/openssl/ssl/record/rec_layer_s3.c:1605:SSL alert number 80
          ] {
            library: 'SSL routines',
            reason: 'tlsv1 alert internal error',
            code: 'ERR_SSL_TLSV1_ALERT_INTERNAL_ERROR'
          }
        },
        topologyVersion: null,
        setName: null,
        setVersion: null,
        electionId: null,
        logicalSessionTimeoutMinutes: null,
        maxMessageSizeBytes: null,
        maxWriteBatchSize: null,
        maxBsonObjectSize: null,
        primary: null,
        me: null,
        '$clusterTime': null,
        iscryptd: false
      }
    },
    stale: false,
    compatible: true,
    heartbeatFrequencyMS: 10000,
    localThresholdMS: 15,
    setName: 'atlas-i2lz09-shard-0',
    maxElectionId: null,
    maxSetVersion: null,
    commonWireVersion: 0,
    logicalSessionTimeoutMinutes: null
  },
  level: 'error',
  timestamp: '2025-11-12T14:17:05.187Z'
}
{
  message: "Could not connect to any servers in your MongoDB Atlas cluster. One common reason is that you're trying to access the database from an IP that isn't whitelisted. Make sure your current IP address is on your Atlas cluster's IP whitelist: https://www.mongodb.com/docs/atlas/security-whitelist/",
  errorLabelSet: Set(0) {},
  reason: TopologyDescription {
    type: 'ReplicaSetNoPrimary',
    servers: Map(3) {
      'ac-ac1neyw-shard-00-00.5848vnz.mongodb.net:27017' => ServerDescription {
        address: 'ac-ac1neyw-shard-00-00.5848vnz.mongodb.net:27017',
        type: 'Unknown',
        hosts: [],
        passives: [],
        arbiters: [],
        tags: {},
        minWireVersion: 0,
        maxWireVersion: 0,
        roundTripTime: -1,
        minRoundTripTime: 0,
        lastUpdateTime: 13056648,
        lastWriteDate: 0,
        error: MongoNetworkError: 8008949CAB7F0000:error:0A000438:SSL routines:ssl3_read_bytes:tlsv1 alert internal error:../deps/openssl/openssl/ssl/record/rec_layer_s3.c:1605:SSL alert number 80
        
            at TLSSocket.<anonymous> (/home/crypt/Development/projects/web-apps/youtube-clone/backend/node_modules/mongodb/lib/cmap/connect.js:286:44)
            at Object.onceWrapper (node:events:633:26)
            at TLSSocket.emit (node:events:518:28)
            at emitErrorNT (node:internal/streams/destroy:170:8)
            at emitErrorCloseNT (node:internal/streams/destroy:129:3)
            at process.processTicksAndRejections (node:internal/process/task_queues:90:21) {
          errorLabelSet: Set(1) { 'ResetPool' },
          beforeHandshake: false,
          [cause]: [Error: 8008949CAB7F0000:error:0A000438:SSL routines:ssl3_read_bytes:tlsv1 alert internal error:../deps/openssl/openssl/ssl/record/rec_layer_s3.c:1605:SSL alert number 80
          ] {
            library: 'SSL routines',
            reason: 'tlsv1 alert internal error',
            code: 'ERR_SSL_TLSV1_ALERT_INTERNAL_ERROR'
          }
        },
        topologyVersion: null,
        setName: null,
        setVersion: null,
        electionId: null,
        logicalSessionTimeoutMinutes: null,
        maxMessageSizeBytes: null,
        maxWriteBatchSize: null,
        maxBsonObjectSize: null,
        primary: null,
        me: null,
        '$clusterTime': null,
        iscryptd: false
      },
      'ac-ac1neyw-shard-00-01.5848vnz.mongodb.net:27017' => ServerDescription {
        address: 'ac-ac1neyw-shard-00-01.5848vnz.mongodb.net:27017',
        type: 'Unknown',
        hosts: [],
        passives: [],
        arbiters: [],
        tags: {},
        minWireVersion: 0,
        maxWireVersion: 0,
        roundTripTime: -1,
        minRoundTripTime: 0,
        lastUpdateTime: 13056468,
        lastWriteDate: 0,
        error: MongoNetworkError: 8008949CAB7F0000:error:0A000438:SSL routines:ssl3_read_bytes:tlsv1 alert internal error:../deps/openssl/openssl/ssl/record/rec_layer_s3.c:1605:SSL alert number 80
        
            at TLSSocket.<anonymous> (/home/crypt/Development/projects/web-apps/youtube-clone/backend/node_modules/mongodb/lib/cmap/connect.js:286:44)
            at Object.onceWrapper (node:events:633:26)
            at TLSSocket.emit (node:events:518:28)
            at emitErrorNT (node:internal/streams/destroy:170:8)
            at emitErrorCloseNT (node:internal/streams/destroy:129:3)
            at process.processTicksAndRejections (node:internal/process/task_queues:90:21) {
          errorLabelSet: Set(1) { 'ResetPool' },
          beforeHandshake: false,
          [cause]: [Error: 8008949CAB7F0000:error:0A000438:SSL routines:ssl3_read_bytes:tlsv1 alert internal error:../deps/openssl/openssl/ssl/record/rec_layer_s3.c:1605:SSL alert number 80
          ] {
            library: 'SSL routines',
            reason: 'tlsv1 alert internal error',
            code: 'ERR_SSL_TLSV1_ALERT_INTERNAL_ERROR'
          }
        },
        topologyVersion: null,
        setName: null,
        setVersion: null,
        electionId: null,
        logicalSessionTimeoutMinutes: null,
        maxMessageSizeBytes: null,
        maxWriteBatchSize: null,
        maxBsonObjectSize: null,
        primary: null,
        me: null,
        '$clusterTime': null,
        iscryptd: false
      },
      'ac-ac1neyw-shard-00-02.5848vnz.mongodb.net:27017' => ServerDescription {
        address: 'ac-ac1neyw-shard-00-02.5848vnz.mongodb.net:27017',
        type: 'Unknown',
        hosts: [],
        passives: [],
        arbiters: [],
        tags: {},
        minWireVersion: 0,
        maxWireVersion: 0,
        roundTripTime: -1,
        minRoundTripTime: 0,
        lastUpdateTime: 13056793,
        lastWriteDate: 0,
        error: MongoNetworkError: 8008949CAB7F0000:error:0A000438:SSL routines:ssl3_read_bytes:tlsv1 alert internal error:../deps/openssl/openssl/ssl/record/rec_layer_s3.c:1605:SSL alert number 80
        
            at TLSSocket.<anonymous> (/home/crypt/Development/projects/web-apps/youtube-clone/backend/node_modules/mongodb/lib/cmap/connect.js:286:44)
            at Object.onceWrapper (node:events:633:26)
            at TLSSocket.emit (node:events:518:28)
            at emitErrorNT (node:internal/streams/destroy:170:8)
            at emitErrorCloseNT (node:internal/streams/destroy:129:3)
            at process.processTicksAndRejections (node:internal/process/task_queues:90:21) {
          errorLabelSet: Set(1) { 'ResetPool' },
          beforeHandshake: false,
          [cause]: [Error: 8008949CAB7F0000:error:0A000438:SSL routines:ssl3_read_bytes:tlsv1 alert internal error:../deps/openssl/openssl/ssl/record/rec_layer_s3.c:1605:SSL alert number 80
          ] {
            library: 'SSL routines',
            reason: 'tlsv1 alert internal error',
            code: 'ERR_SSL_TLSV1_ALERT_INTERNAL_ERROR'
          }
        },
        topologyVersion: null,
        setName: null,
        setVersion: null,
        electionId: null,
        logicalSessionTimeoutMinutes: null,
        maxMessageSizeBytes: null,
        maxWriteBatchSize: null,
        maxBsonObjectSize: null,
        primary: null,
        me: null,
        '$clusterTime': null,
        iscryptd: false
      }
    },
    stale: false,
    compatible: true,
    heartbeatFrequencyMS: 10000,
    localThresholdMS: 15,
    setName: 'atlas-i2lz09-shard-0',
    maxElectionId: null,
    maxSetVersion: null,
    commonWireVersion: 0,
    logicalSessionTimeoutMinutes: null
  },
  code: undefined,
  cause: TopologyDescription {
    type: 'ReplicaSetNoPrimary',
    servers: Map(3) {
      'ac-ac1neyw-shard-00-00.5848vnz.mongodb.net:27017' => ServerDescription {
        address: 'ac-ac1neyw-shard-00-00.5848vnz.mongodb.net:27017',
        type: 'Unknown',
        hosts: [],
        passives: [],
        arbiters: [],
        tags: {},
        minWireVersion: 0,
        maxWireVersion: 0,
        roundTripTime: -1,
        minRoundTripTime: 0,
        lastUpdateTime: 13056648,
        lastWriteDate: 0,
        error: MongoNetworkError: 8008949CAB7F0000:error:0A000438:SSL routines:ssl3_read_bytes:tlsv1 alert internal error:../deps/openssl/openssl/ssl/record/rec_layer_s3.c:1605:SSL alert number 80
        
            at TLSSocket.<anonymous> (/home/crypt/Development/projects/web-apps/youtube-clone/backend/node_modules/mongodb/lib/cmap/connect.js:286:44)
            at Object.onceWrapper (node:events:633:26)
            at TLSSocket.emit (node:events:518:28)
            at emitErrorNT (node:internal/streams/destroy:170:8)
            at emitErrorCloseNT (node:internal/streams/destroy:129:3)
            at process.processTicksAndRejections (node:internal/process/task_queues:90:21) {
          errorLabelSet: Set(1) { 'ResetPool' },
          beforeHandshake: false,
          [cause]: [Error: 8008949CAB7F0000:error:0A000438:SSL routines:ssl3_read_bytes:tlsv1 alert internal error:../deps/openssl/openssl/ssl/record/rec_layer_s3.c:1605:SSL alert number 80
          ] {
            library: 'SSL routines',
            reason: 'tlsv1 alert internal error',
            code: 'ERR_SSL_TLSV1_ALERT_INTERNAL_ERROR'
          }
        },
        topologyVersion: null,
        setName: null,
        setVersion: null,
        electionId: null,
        logicalSessionTimeoutMinutes: null,
        maxMessageSizeBytes: null,
        maxWriteBatchSize: null,
        maxBsonObjectSize: null,
        primary: null,
        me: null,
        '$clusterTime': null,
        iscryptd: false
      },
      'ac-ac1neyw-shard-00-01.5848vnz.mongodb.net:27017' => ServerDescription {
        address: 'ac-ac1neyw-shard-00-01.5848vnz.mongodb.net:27017',
        type: 'Unknown',
        hosts: [],
        passives: [],
        arbiters: [],
        tags: {},
        minWireVersion: 0,
        maxWireVersion: 0,
        roundTripTime: -1,
        minRoundTripTime: 0,
        lastUpdateTime: 13056468,
        lastWriteDate: 0,
        error: MongoNetworkError: 8008949CAB7F0000:error:0A000438:SSL routines:ssl3_read_bytes:tlsv1 alert internal error:../deps/openssl/openssl/ssl/record/rec_layer_s3.c:1605:SSL alert number 80
        
            at TLSSocket.<anonymous> (/home/crypt/Development/projects/web-apps/youtube-clone/backend/node_modules/mongodb/lib/cmap/connect.js:286:44)
            at Object.onceWrapper (node:events:633:26)
            at TLSSocket.emit (node:events:518:28)
            at emitErrorNT (node:internal/streams/destroy:170:8)
            at emitErrorCloseNT (node:internal/streams/destroy:129:3)
            at process.processTicksAndRejections (node:internal/process/task_queues:90:21) {
          errorLabelSet: Set(1) { 'ResetPool' },
          beforeHandshake: false,
          [cause]: [Error: 8008949CAB7F0000:error:0A000438:SSL routines:ssl3_read_bytes:tlsv1 alert internal error:../deps/openssl/openssl/ssl/record/rec_layer_s3.c:1605:SSL alert number 80
          ] {
            library: 'SSL routines',
            reason: 'tlsv1 alert internal error',
            code: 'ERR_SSL_TLSV1_ALERT_INTERNAL_ERROR'
          }
        },
        topologyVersion: null,
        setName: null,
        setVersion: null,
        electionId: null,
        logicalSessionTimeoutMinutes: null,
        maxMessageSizeBytes: null,
        maxWriteBatchSize: null,
        maxBsonObjectSize: null,
        primary: null,
        me: null,
        '$clusterTime': null,
        iscryptd: false
      },
      'ac-ac1neyw-shard-00-02.5848vnz.mongodb.net:27017' => ServerDescription {
        address: 'ac-ac1neyw-shard-00-02.5848vnz.mongodb.net:27017',
        type: 'Unknown',
        hosts: [],
        passives: [],
        arbiters: [],
        tags: {},
        minWireVersion: 0,
        maxWireVersion: 0,
        roundTripTime: -1,
        minRoundTripTime: 0,
        lastUpdateTime: 13056793,
        lastWriteDate: 0,
        error: MongoNetworkError: 8008949CAB7F0000:error:0A000438:SSL routines:ssl3_read_bytes:tlsv1 alert internal error:../deps/openssl/openssl/ssl/record/rec_layer_s3.c:1605:SSL alert number 80
        
            at TLSSocket.<anonymous> (/home/crypt/Development/projects/web-apps/youtube-clone/backend/node_modules/mongodb/lib/cmap/connect.js:286:44)
            at Object.onceWrapper (node:events:633:26)
            at TLSSocket.emit (node:events:518:28)
            at emitErrorNT (node:internal/streams/destroy:170:8)
            at emitErrorCloseNT (node:internal/streams/destroy:129:3)
            at process.processTicksAndRejections (node:internal/process/task_queues:90:21) {
          errorLabelSet: Set(1) { 'ResetPool' },
          beforeHandshake: false,
          [cause]: [Error: 8008949CAB7F0000:error:0A000438:SSL routines:ssl3_read_bytes:tlsv1 alert internal error:../deps/openssl/openssl/ssl/record/rec_layer_s3.c:1605:SSL alert number 80
          ] {
            library: 'SSL routines',
            reason: 'tlsv1 alert internal error',
            code: 'ERR_SSL_TLSV1_ALERT_INTERNAL_ERROR'
          }
        },
        topologyVersion: null,
        setName: null,
        setVersion: null,
        electionId: null,
        logicalSessionTimeoutMinutes: null,
        maxMessageSizeBytes: null,
        maxWriteBatchSize: null,
        maxBsonObjectSize: null,
        primary: null,
        me: null,
        '$clusterTime': null,
        iscryptd: false
      }
    },
    stale: false,
    compatible: true,
    heartbeatFrequencyMS: 10000,
    localThresholdMS: 15,
    setName: 'atlas-i2lz09-shard-0',
    maxElectionId: null,
    maxSetVersion: null,
    commonWireVersion: 0,
    logicalSessionTimeoutMinutes: null
  },
  level: 'error',
  timestamp: '2025-11-12T14:19:51.045Z'
}
{
  message: 'DB connected on mongodb+srv://ahmedelesseilyd:sTtObpmXCaBWhZHN@cluster0.5848vnz.mongodb.net/youtube-clone',
  level: 'info',
  timestamp: '2025-11-12T14:20:40.904Z'
}
{ level: 'error', timestamp: '2025-11-12T14:20:41.030Z' }
{
  message: 'DB connected on mongodb+srv://ahmedelesseilyd:sTtObpmXCaBWhZHN@cluster0.5848vnz.mongodb.net/youtube-clone',
  level: 'info',
  timestamp: '2025-11-12T14:21:59.186Z'
}
{
  level: 'error',
  message: 'error happened in server.js Assignment to constant variable.',
  stack: 'TypeError: Assignment to constant variable.\n' +
    '    at connectRedis (file:///home/crypt/Development/projects/web-apps/youtube-clone/backend/config/redis.js:9:17)\n' +
    '    at process.processTicksAndRejections (node:internal/process/task_queues:105:5)\n' +
    '    at async start (file:///home/crypt/Development/projects/web-apps/youtube-clone/backend/server.js:11:9)',
  timestamp: '2025-11-12T14:21:59.245Z'
}
{
  message: 'DB connected on mongodb+srv://ahmedelesseilyd:sTtObpmXCaBWhZHN@cluster0.5848vnz.mongodb.net/youtube-clone',
  level: 'info',
  timestamp: '2025-11-12T14:22:34.014Z'
}
{
  message: 'Redis connected on redis://localhost:6379',
  level: 'info',
  timestamp: '2025-11-12T14:22:34.070Z'
}
{
  message: 'Listening on port undefined',
  level: 'info',
  timestamp: '2025-11-12T14:22:34.073Z'
}
{
  message: 'DB connected on mongodb+srv://ahmedelesseilyd:sTtObpmXCaBWhZHN@cluster0.5848vnz.mongodb.net/youtube-clone',
  level: 'info',
  timestamp: '2025-11-12T14:23:42.683Z'
}
{
  message: 'Redis connected on redis://localhost:6379',
  level: 'info',
  timestamp: '2025-11-12T14:23:42.746Z'
}
{
  message: 'Listening on port undefined',
  level: 'info',
  timestamp: '2025-11-12T14:23:42.749Z'
}
{
  message: 'DB connected on mongodb+srv://ahmedelesseilyd:sTtObpmXCaBWhZHN@cluster0.5848vnz.mongodb.net/youtube-clone',
  level: 'info',
  timestamp: '2025-11-12T14:24:05.610Z'
}
{
  message: 'Redis connected on redis://localhost:6379',
  level: 'info',
  timestamp: '2025-11-12T14:24:05.688Z'
}
{
  message: 'Listening on port 3000',
  level: 'info',
  timestamp: '2025-11-12T14:24:05.691Z'
}
{
  message: 'DB connected on mongodb+srv://ahmedelesseilyd:sTtObpmXCaBWhZHN@cluster0.5848vnz.mongodb.net/youtube-clone',
  level: 'info',
  timestamp: '2025-11-12T14:25:11.306Z'
}
{
  message: 'Redis connected on redis://localhost:6379',
  level: 'info',
  timestamp: '2025-11-12T14:25:11.391Z'
}
{
  message: 'Listening on port 3000',
  level: 'info',
  timestamp: '2025-11-12T14:25:11.394Z'
}
{
  message: 'DB connected on mongodb+srv://ahmedelesseilyd:sTtObpmXCaBWhZHN@cluster0.5848vnz.mongodb.net/youtube-clone',
  level: 'info',
  timestamp: '2025-11-12T14:29:20.223Z'
}
{
  message: 'Redis connected on redis://localhost:6379',
  level: 'info',
  timestamp: '2025-11-12T14:29:20.291Z'
}
{
  message: 'Listening on port 3000',
  level: 'info',
  timestamp: '2025-11-12T14:29:20.296Z'
}
